<?xml version="1.0" encoding="UTF-8"?>
<testsuite xmlns:xsi="http://www.w3.org/2001/XMLSchema-instance" xsi:noNamespaceSchemaLocation="https://maven.apache.org/surefire/maven-surefire-plugin/xsd/surefire-test-report.xsd" name="com.tangl.pan.cache.redis.test.RedisCacheTest" time="2.913" tests="2" errors="0" skipped="0" failures="0">
  <properties>
[...]
</properties>
  <testcase name="caffeineCacheAnnotationTest" classname="com.tangl.pan.cache.redis.test.RedisCacheTest" time="1.024"/>
  <testcase name="caffeineCacheManagerTest" classname="com.tangl.pan.cache.redis.test.RedisCacheTest" time="0.008"/>
</testsuite>